Started GET "/" for 127.0.0.1 at 2017-02-09 16:26:26 +0300
  
ActiveRecord::NoDatabaseError (FATAL:  database "alperenbozkurt_net_development" does not exist
):
  
activerecord (5.0.1) lib/active_record/connection_adapters/postgresql_adapter.rb:675:in `rescue in connect'
activerecord (5.0.1) lib/active_record/connection_adapters/postgresql_adapter.rb:671:in `connect'
activerecord (5.0.1) lib/active_record/connection_adapters/postgresql_adapter.rb:217:in `initialize'
activerecord (5.0.1) lib/active_record/connection_adapters/postgresql_adapter.rb:37:in `new'
activerecord (5.0.1) lib/active_record/connection_adapters/postgresql_adapter.rb:37:in `postgresql_connection'
activerecord (5.0.1) lib/active_record/connection_adapters/abstract/connection_pool.rb:729:in `new_connection'
activerecord (5.0.1) lib/active_record/connection_adapters/abstract/connection_pool.rb:773:in `checkout_new_connection'
activerecord (5.0.1) lib/active_record/connection_adapters/abstract/connection_pool.rb:752:in `try_to_checkout_new_connection'
activerecord (5.0.1) lib/active_record/connection_adapters/abstract/connection_pool.rb:713:in `acquire_connection'
activerecord (5.0.1) lib/active_record/connection_adapters/abstract/connection_pool.rb:490:in `checkout'
activerecord (5.0.1) lib/active_record/connection_adapters/abstract/connection_pool.rb:364:in `connection'
activerecord (5.0.1) lib/active_record/connection_adapters/abstract/connection_pool.rb:883:in `retrieve_connection'
activerecord (5.0.1) lib/active_record/connection_handling.rb:128:in `retrieve_connection'
activerecord (5.0.1) lib/active_record/connection_handling.rb:91:in `connection'
activerecord (5.0.1) lib/active_record/migration.rb:559:in `connection'
activerecord (5.0.1) lib/active_record/migration.rb:546:in `call'
actionpack (5.0.1) lib/action_dispatch/middleware/callbacks.rb:38:in `block in call'
activesupport (5.0.1) lib/active_support/callbacks.rb:97:in `__run_callbacks__'
activesupport (5.0.1) lib/active_support/callbacks.rb:750:in `_run_call_callbacks'
activesupport (5.0.1) lib/active_support/callbacks.rb:90:in `run_callbacks'
actionpack (5.0.1) lib/action_dispatch/middleware/callbacks.rb:36:in `call'
actionpack (5.0.1) lib/action_dispatch/middleware/executor.rb:12:in `call'
actionpack (5.0.1) lib/action_dispatch/middleware/remote_ip.rb:79:in `call'
actionpack (5.0.1) lib/action_dispatch/middleware/debug_exceptions.rb:49:in `call'
web-console (3.4.0) lib/web_console/middleware.rb:135:in `call_app'
web-console (3.4.0) lib/web_console/middleware.rb:28:in `block in call'
web-console (3.4.0) lib/web_console/middleware.rb:18:in `catch'
web-console (3.4.0) lib/web_console/middleware.rb:18:in `call'
actionpack (5.0.1) lib/action_dispatch/middleware/show_exceptions.rb:31:in `call'
railties (5.0.1) lib/rails/rack/logger.rb:36:in `call_app'
railties (5.0.1) lib/rails/rack/logger.rb:24:in `block in call'
activesupport (5.0.1) lib/active_support/tagged_logging.rb:69:in `block in tagged'
activesupport (5.0.1) lib/active_support/tagged_logging.rb:26:in `tagged'
activesupport (5.0.1) lib/active_support/tagged_logging.rb:69:in `tagged'
railties (5.0.1) lib/rails/rack/logger.rb:24:in `call'
sprockets-rails (3.2.0) lib/sprockets/rails/quiet_assets.rb:13:in `call'
actionpack (5.0.1) lib/action_dispatch/middleware/request_id.rb:24:in `call'
rack (2.0.1) lib/rack/method_override.rb:22:in `call'
rack (2.0.1) lib/rack/runtime.rb:22:in `call'
activesupport (5.0.1) lib/active_support/cache/strategy/local_cache_middleware.rb:28:in `call'
actionpack (5.0.1) lib/action_dispatch/middleware/executor.rb:12:in `call'
actionpack (5.0.1) lib/action_dispatch/middleware/static.rb:136:in `call'
rack (2.0.1) lib/rack/sendfile.rb:111:in `call'
railties (5.0.1) lib/rails/engine.rb:522:in `call'
puma (3.7.0) lib/puma/configuration.rb:226:in `call'
puma (3.7.0) lib/puma/server.rb:578:in `handle_request'
puma (3.7.0) lib/puma/server.rb:415:in `process_client'
puma (3.7.0) lib/puma/server.rb:275:in `block in run'
puma (3.7.0) lib/puma/thread_pool.rb:120:in `block in spawn_thread'
  Rendering /home/alperen/.rbenv/versions/2.4.0/lib/ruby/gems/2.4.0/gems/actionpack-5.0.1/lib/action_dispatch/middleware/templates/rescues/diagnostics.html.erb within rescues/layout
  Rendering /home/alperen/.rbenv/versions/2.4.0/lib/ruby/gems/2.4.0/gems/actionpack-5.0.1/lib/action_dispatch/middleware/templates/rescues/_source.html.erb
  Rendered /home/alperen/.rbenv/versions/2.4.0/lib/ruby/gems/2.4.0/gems/actionpack-5.0.1/lib/action_dispatch/middleware/templates/rescues/_source.html.erb (3.8ms)
  Rendering /home/alperen/.rbenv/versions/2.4.0/lib/ruby/gems/2.4.0/gems/actionpack-5.0.1/lib/action_dispatch/middleware/templates/rescues/_trace.html.erb
  Rendered /home/alperen/.rbenv/versions/2.4.0/lib/ruby/gems/2.4.0/gems/actionpack-5.0.1/lib/action_dispatch/middleware/templates/rescues/_trace.html.erb (3.5ms)
  Rendering /home/alperen/.rbenv/versions/2.4.0/lib/ruby/gems/2.4.0/gems/actionpack-5.0.1/lib/action_dispatch/middleware/templates/rescues/_request_and_response.html.erb
  Rendered /home/alperen/.rbenv/versions/2.4.0/lib/ruby/gems/2.4.0/gems/actionpack-5.0.1/lib/action_dispatch/middleware/templates/rescues/_request_and_response.html.erb (1.4ms)
  Rendered /home/alperen/.rbenv/versions/2.4.0/lib/ruby/gems/2.4.0/gems/actionpack-5.0.1/lib/action_dispatch/middleware/templates/rescues/diagnostics.html.erb within rescues/layout (68.1ms)
Started GET "/" for 127.0.0.1 at 2017-02-09 16:28:42 +0300
Processing by Rails::WelcomeController#index as HTML
  Parameters: {"internal"=>true}
  Rendering /home/alperen/.rbenv/versions/2.4.0/lib/ruby/gems/2.4.0/gems/railties-5.0.1/lib/rails/templates/rails/welcome/index.html.erb
  Rendered /home/alperen/.rbenv/versions/2.4.0/lib/ruby/gems/2.4.0/gems/railties-5.0.1/lib/rails/templates/rails/welcome/index.html.erb (3.5ms)
Completed 200 OK in 37ms (Views: 7.8ms | ActiveRecord: 0.0ms)


Started GET "/" for 127.0.0.1 at 2017-02-09 16:38:09 +0300
Processing by HomeController#index as HTML
  Rendering home/index.html.erb within layouts/application
  Rendered home/index.html.erb within layouts/application (1.9ms)
Completed 200 OK in 1693ms (Views: 1680.9ms | ActiveRecord: 0.0ms)


  [1m[35m (183.8ms)[0m  [1m[35mCREATE TABLE "schema_migrations" ("version" character varying PRIMARY KEY)[0m
  [1m[35m (91.9ms)[0m  [1m[35mCREATE TABLE "ar_internal_metadata" ("key" character varying PRIMARY KEY, "value" character varying, "created_at" timestamp NOT NULL, "updated_at" timestamp NOT NULL)[0m
  [1m[35m (0.3ms)[0m  [1m[34mSELECT pg_try_advisory_lock(6264610382499996240);[0m
  [1m[36mActiveRecord::SchemaMigration Load (0.4ms)[0m  [1m[34mSELECT "schema_migrations".* FROM "schema_migrations"[0m
Migrating to CreatePosts (20170209134400)
  [1m[35m (0.1ms)[0m  [1m[35mBEGIN[0m
  [1m[35m (80.6ms)[0m  [1m[35mCREATE TABLE "posts" ("id" serial primary key, "title" character varying, "body" text, "show" integer DEFAULT 0 NOT NULL, "created_at" timestamp NOT NULL, "updated_at" timestamp NOT NULL)[0m
  [1m[35mSQL (0.4ms)[0m  [1m[32mINSERT INTO "schema_migrations" ("version") VALUES ($1) RETURNING "version"[0m  [["version", "20170209134400"]]
  [1m[35m (10.8ms)[0m  [1m[35mCOMMIT[0m
Migrating to CreateCategories (20170209134448)
  [1m[35m (0.1ms)[0m  [1m[35mBEGIN[0m
  [1m[35m (84.9ms)[0m  [1m[35mCREATE TABLE "categories" ("id" serial primary key, "name" character varying, "created_at" timestamp NOT NULL, "updated_at" timestamp NOT NULL)[0m
  [1m[35mSQL (0.2ms)[0m  [1m[32mINSERT INTO "schema_migrations" ("version") VALUES ($1) RETURNING "version"[0m  [["version", "20170209134448"]]
  [1m[35m (12.6ms)[0m  [1m[35mCOMMIT[0m
Migrating to AddCategoryIdToPosts (20170209134520)
  [1m[35m (0.2ms)[0m  [1m[35mBEGIN[0m
  [1m[35m (6.6ms)[0m  [1m[35mALTER TABLE "posts" ADD "category_id" integer[0m
  [1m[35m (1.6ms)[0m  [1m[35mALTER TABLE "posts" ADD CONSTRAINT "fk_rails_9b1b26f040"
FOREIGN KEY ("category_id")
  REFERENCES "categories" ("id")
[0m
  [1m[35mSQL (0.3ms)[0m  [1m[32mINSERT INTO "schema_migrations" ("version") VALUES ($1) RETURNING "version"[0m  [["version", "20170209134520"]]
  [1m[35m (11.1ms)[0m  [1m[35mCOMMIT[0m
Migrating to CreatePrograms (20170209134601)
  [1m[35m (0.3ms)[0m  [1m[35mBEGIN[0m
  [1m[35m (85.4ms)[0m  [1m[35mCREATE TABLE "programs" ("id" serial primary key, "name" character varying, "content" character varying, "link" character varying, "created_at" timestamp NOT NULL, "updated_at" timestamp NOT NULL)[0m
  [1m[35mSQL (0.3ms)[0m  [1m[32mINSERT INTO "schema_migrations" ("version") VALUES ($1) RETURNING "version"[0m  [["version", "20170209134601"]]
  [1m[35m (11.9ms)[0m  [1m[35mCOMMIT[0m
  [1m[36mActiveRecord::InternalMetadata Load (0.4ms)[0m  [1m[34mSELECT  "ar_internal_metadata".* FROM "ar_internal_metadata" WHERE "ar_internal_metadata"."key" = $1 LIMIT $2[0m  [["key", :environment], ["LIMIT", 1]]
  [1m[35m (0.1ms)[0m  [1m[35mBEGIN[0m
  [1m[35mSQL (0.4ms)[0m  [1m[32mINSERT INTO "ar_internal_metadata" ("key", "value", "created_at", "updated_at") VALUES ($1, $2, $3, $4) RETURNING "key"[0m  [["key", "environment"], ["value", "development"], ["created_at", 2017-02-09 13:55:00 UTC], ["updated_at", 2017-02-09 13:55:00 UTC]]
  [1m[35m (11.4ms)[0m  [1m[35mCOMMIT[0m
  [1m[35m (0.3ms)[0m  [1m[34mSELECT pg_advisory_unlock(6264610382499996240)[0m
  [1m[36mActiveRecord::SchemaMigration Load (0.3ms)[0m  [1m[34mSELECT "schema_migrations".* FROM "schema_migrations"[0m
Started GET "/" for 127.0.0.1 at 2017-02-09 16:55:09 +0300
  [1m[36mActiveRecord::SchemaMigration Load (0.7ms)[0m  [1m[34mSELECT "schema_migrations".* FROM "schema_migrations"[0m
Started GET "/" for 127.0.0.1 at 2017-02-09 16:55:09 +0300
Processing by HomeController#index as HTML
  Rendering home/index.html.haml within layouts/application
  Rendered home/index.html.haml within layouts/application (5.0ms)
Processing by HomeController#index as HTML
  Rendering home/index.html.haml within layouts/application
  Rendered home/index.html.haml within layouts/application (0.6ms)
Completed 500 Internal Server Error in 244ms (ActiveRecord: 0.0ms)


  
ActionView::Template::Error (File to import not found or unreadable: bootstrap-sprockets.
Load paths:
  /home/alperen/Desktop/alperenbozkurt.net/app/assets/config
  /home/alperen/Desktop/alperenbozkurt.net/app/assets/images
  /home/alperen/Desktop/alperenbozkurt.net/app/assets/javascripts
  /home/alperen/Desktop/alperenbozkurt.net/app/assets/stylesheets
  /home/alperen/Desktop/alperenbozkurt.net/vendor/assets/javascripts
  /home/alperen/Desktop/alperenbozkurt.net/vendor/assets/stylesheets
  /home/alperen/.rbenv/versions/2.4.0/lib/ruby/gems/2.4.0/gems/disqus_rails-0.0.6/vendor/assets/javascripts
  /home/alperen/.rbenv/versions/2.4.0/lib/ruby/gems/2.4.0/gems/jquery-rails-4.2.2/vendor/assets/javascripts
  /home/alperen/.rbenv/versions/2.4.0/lib/ruby/gems/2.4.0/gems/coffee-rails-4.2.1/lib/assets/javascripts
  /home/alperen/.rbenv/versions/2.4.0/lib/ruby/gems/2.4.0/gems/actioncable-5.0.1/lib/assets/compiled
  /home/alperen/.rbenv/versions/2.4.0/lib/ruby/gems/2.4.0/gems/turbolinks-source-5.0.0/lib/assets/javascripts):
Completed 500 Internal Server Error in 546ms (ActiveRecord: 0.0ms)


    3:     %title RBlog
    4:     = csrf_meta_tags
    5: 
    6:     = stylesheet_link_tag    'application', media: 'all', 'data-turbolinks-track': 'reload'
    7:     = javascript_include_tag 'application', 'data-turbolinks-track': 'reload'
    8: 
    9:   %body
  
  
ActionView::Template::Error (File to import not found or unreadable: bootstrap-sprockets.
Load paths:
  /home/alperen/Desktop/alperenbozkurt.net/app/assets/config
  /home/alperen/Desktop/alperenbozkurt.net/app/assets/images
  /home/alperen/Desktop/alperenbozkurt.net/app/assets/javascripts
  /home/alperen/Desktop/alperenbozkurt.net/app/assets/stylesheets
  /home/alperen/Desktop/alperenbozkurt.net/vendor/assets/javascripts
  /home/alperen/Desktop/alperenbozkurt.net/vendor/assets/stylesheets
  /home/alperen/.rbenv/versions/2.4.0/lib/ruby/gems/2.4.0/gems/disqus_rails-0.0.6/vendor/assets/javascripts
  /home/alperen/.rbenv/versions/2.4.0/lib/ruby/gems/2.4.0/gems/jquery-rails-4.2.2/vendor/assets/javascripts
  /home/alperen/.rbenv/versions/2.4.0/lib/ruby/gems/2.4.0/gems/coffee-rails-4.2.1/lib/assets/javascripts
  /home/alperen/.rbenv/versions/2.4.0/lib/ruby/gems/2.4.0/gems/actioncable-5.0.1/lib/assets/compiled
  /home/alperen/.rbenv/versions/2.4.0/lib/ruby/gems/2.4.0/gems/turbolinks-source-5.0.0/lib/assets/javascripts):
app/assets/stylesheets/application.sass:1
app/views/layouts/application.html.haml:6:in `_app_views_layouts_application_html_haml___1079737195223647950_47110097051360'
    3:     %title RBlog
    4:     = csrf_meta_tags
    5: 
    6:     = stylesheet_link_tag    'application', media: 'all', 'data-turbolinks-track': 'reload'
    7:     = javascript_include_tag 'application', 'data-turbolinks-track': 'reload'
    8: 
    9:   %body
  
app/assets/stylesheets/application.sass:1
app/views/layouts/application.html.haml:6:in `_app_views_layouts_application_html_haml___1079737195223647950_47110097051360'
  Rendering /home/alperen/.rbenv/versions/2.4.0/lib/ruby/gems/2.4.0/gems/actionpack-5.0.1/lib/action_dispatch/middleware/templates/rescues/template_error.html.erb within rescues/layout
  Rendering /home/alperen/.rbenv/versions/2.4.0/lib/ruby/gems/2.4.0/gems/actionpack-5.0.1/lib/action_dispatch/middleware/templates/rescues/template_error.html.erb within rescues/layout
  Rendering /home/alperen/.rbenv/versions/2.4.0/lib/ruby/gems/2.4.0/gems/actionpack-5.0.1/lib/action_dispatch/middleware/templates/rescues/_source.html.erb
  Rendering /home/alperen/.rbenv/versions/2.4.0/lib/ruby/gems/2.4.0/gems/actionpack-5.0.1/lib/action_dispatch/middleware/templates/rescues/_source.html.erb
  Rendered /home/alperen/.rbenv/versions/2.4.0/lib/ruby/gems/2.4.0/gems/actionpack-5.0.1/lib/action_dispatch/middleware/templates/rescues/_source.html.erb (12.9ms)
  Rendered /home/alperen/.rbenv/versions/2.4.0/lib/ruby/gems/2.4.0/gems/actionpack-5.0.1/lib/action_dispatch/middleware/templates/rescues/_source.html.erb (12.2ms)
  Rendering /home/alperen/.rbenv/versions/2.4.0/lib/ruby/gems/2.4.0/gems/actionpack-5.0.1/lib/action_dispatch/middleware/templates/rescues/_trace.html.erb
  Rendered /home/alperen/.rbenv/versions/2.4.0/lib/ruby/gems/2.4.0/gems/actionpack-5.0.1/lib/action_dispatch/middleware/templates/rescues/_trace.html.erb (4.0ms)
  Rendering /home/alperen/.rbenv/versions/2.4.0/lib/ruby/gems/2.4.0/gems/actionpack-5.0.1/lib/action_dispatch/middleware/templates/rescues/_trace.html.erb
  Rendering /home/alperen/.rbenv/versions/2.4.0/lib/ruby/gems/2.4.0/gems/actionpack-5.0.1/lib/action_dispatch/middleware/templates/rescues/_request_and_response.html.erb
  Rendered /home/alperen/.rbenv/versions/2.4.0/lib/ruby/gems/2.4.0/gems/actionpack-5.0.1/lib/action_dispatch/middleware/templates/rescues/_trace.html.erb (3.9ms)
  Rendered /home/alperen/.rbenv/versions/2.4.0/lib/ruby/gems/2.4.0/gems/actionpack-5.0.1/lib/action_dispatch/middleware/templates/rescues/_request_and_response.html.erb (0.9ms)
  Rendering /home/alperen/.rbenv/versions/2.4.0/lib/ruby/gems/2.4.0/gems/actionpack-5.0.1/lib/action_dispatch/middleware/templates/rescues/_request_and_response.html.erb
  Rendered /home/alperen/.rbenv/versions/2.4.0/lib/ruby/gems/2.4.0/gems/actionpack-5.0.1/lib/action_dispatch/middleware/templates/rescues/template_error.html.erb within rescues/layout (91.8ms)
  Rendered /home/alperen/.rbenv/versions/2.4.0/lib/ruby/gems/2.4.0/gems/actionpack-5.0.1/lib/action_dispatch/middleware/templates/rescues/_request_and_response.html.erb (1.4ms)
  Rendered /home/alperen/.rbenv/versions/2.4.0/lib/ruby/gems/2.4.0/gems/actionpack-5.0.1/lib/action_dispatch/middleware/templates/rescues/template_error.html.erb within rescues/layout (86.7ms)
Started GET "/" for 127.0.0.1 at 2017-02-09 16:56:13 +0300
  [1m[36mActiveRecord::SchemaMigration Load (0.5ms)[0m  [1m[34mSELECT "schema_migrations".* FROM "schema_migrations"[0m
Processing by HomeController#index as HTML
  Rendering home/index.html.haml within layouts/application
  Rendered home/index.html.haml within layouts/application (12.3ms)
Completed 200 OK in 4878ms (Views: 4863.1ms | ActiveRecord: 0.0ms)


Started GET "/posts" for 127.0.0.1 at 2017-02-09 16:56:27 +0300
Processing by PostsController#index as HTML
  Rendering posts/index.html.haml within layouts/application
  Rendering layouts/top.html.haml
  Rendered layouts/top.html.haml (2.5ms)
  [1m[36mPost Load (0.8ms)[0m  [1m[34mSELECT "posts".* FROM "posts" ORDER BY created_at desc[0m
  [1m[36mPost Load (0.4ms)[0m  [1m[34mSELECT  "posts".* FROM "posts" ORDER BY created_at ASC LIMIT $1[0m  [["LIMIT", 5]]
  Rendered posts/index.html.haml within layouts/application (14.5ms)
Completed 200 OK in 99ms (Views: 76.7ms | ActiveRecord: 2.5ms)


Started GET "/programs" for 127.0.0.1 at 2017-02-09 16:56:29 +0300
Processing by ProgramsController#index as HTML
  Rendering programs/index.html.haml within layouts/application
  Rendering layouts/top.html.haml
  Rendered layouts/top.html.haml (2.6ms)
  [1m[36mProgram Load (0.5ms)[0m  [1m[34mSELECT "programs".* FROM "programs"[0m
  Rendered programs/index.html.haml within layouts/application (12.0ms)
Completed 200 OK in 91ms (Views: 79.1ms | ActiveRecord: 2.2ms)


Started GET "/contact" for 127.0.0.1 at 2017-02-09 16:56:30 +0300
Processing by ContactController#index as HTML
  Rendering contact/index.html.haml within layouts/application
  Rendered contact/index.html.haml within layouts/application (5.4ms)
Completed 200 OK in 69ms (Views: 67.3ms | ActiveRecord: 0.0ms)


Started GET "/" for 127.0.0.1 at 2017-02-09 16:56:32 +0300
Processing by HomeController#index as HTML
  Rendering home/index.html.haml within layouts/application
  Rendered home/index.html.haml within layouts/application (3.8ms)
Completed 200 OK in 64ms (Views: 62.4ms | ActiveRecord: 0.0ms)


Started GET "/contact" for 127.0.0.1 at 2017-02-09 16:56:34 +0300
Processing by ContactController#index as HTML
  Rendering contact/index.html.haml within layouts/application
  Rendered contact/index.html.haml within layouts/application (8.5ms)
Completed 200 OK in 90ms (Views: 87.9ms | ActiveRecord: 0.0ms)


Started GET "/contact" for 127.0.0.1 at 2017-02-09 16:59:16 +0300
  [1m[36mActiveRecord::SchemaMigration Load (0.5ms)[0m  [1m[34mSELECT "schema_migrations".* FROM "schema_migrations"[0m
Processing by ContactController#index as HTML
  Rendering contact/index.html.haml within layouts/application
  Rendered contact/index.html.haml within layouts/application (11.0ms)
Completed 200 OK in 416ms (Views: 400.7ms | ActiveRecord: 0.0ms)


Started GET "/contact" for 127.0.0.1 at 2017-02-09 16:59:40 +0300
Processing by ContactController#index as HTML
  Rendering contact/index.html.haml within layouts/application
  Rendered contact/index.html.haml within layouts/application (5.1ms)
Completed 200 OK in 241ms (Views: 239.4ms | ActiveRecord: 0.0ms)


Started GET "/" for 127.0.0.1 at 2017-02-09 16:59:43 +0300
Processing by HomeController#index as HTML
  Rendering home/index.html.haml within layouts/application
  Rendered home/index.html.haml within layouts/application (4.1ms)
Completed 200 OK in 91ms (Views: 89.6ms | ActiveRecord: 0.0ms)


Started GET "/posts" for 127.0.0.1 at 2017-02-09 16:59:47 +0300
Processing by PostsController#index as HTML
  Rendering posts/index.html.haml within layouts/application
  Rendering layouts/top.html.haml
  Rendered layouts/top.html.haml (3.7ms)
  [1m[36mPost Load (1.1ms)[0m  [1m[34mSELECT "posts".* FROM "posts" ORDER BY created_at desc[0m
  [1m[36mPost Load (0.4ms)[0m  [1m[34mSELECT  "posts".* FROM "posts" ORDER BY created_at ASC LIMIT $1[0m  [["LIMIT", 5]]
  Rendered posts/index.html.haml within layouts/application (24.0ms)
Completed 200 OK in 122ms (Views: 103.4ms | ActiveRecord: 3.9ms)


Started GET "/posts" for 127.0.0.1 at 2017-02-09 17:00:15 +0300
Processing by PostsController#index as HTML
  Rendering posts/index.html.haml within layouts/application
  Rendering layouts/top.html.haml
  Rendered layouts/top.html.haml (10.5ms)
  [1m[36mPost Load (0.5ms)[0m  [1m[34mSELECT "posts".* FROM "posts" ORDER BY created_at desc[0m
  [1m[36mPost Load (0.5ms)[0m  [1m[34mSELECT  "posts".* FROM "posts" ORDER BY created_at ASC LIMIT $1[0m  [["LIMIT", 5]]
  Rendered posts/index.html.haml within layouts/application (32.0ms)
Completed 200 OK in 176ms (Views: 173.4ms | ActiveRecord: 0.9ms)


Started GET "/posts" for 127.0.0.1 at 2017-02-09 17:00:21 +0300
Processing by PostsController#index as HTML
  Rendering posts/index.html.haml within layouts/application
  Rendering layouts/top.html.haml
  Rendered layouts/top.html.haml (3.9ms)
  [1m[36mPost Load (2.0ms)[0m  [1m[34mSELECT "posts".* FROM "posts" ORDER BY created_at desc[0m
  [1m[36mPost Load (0.6ms)[0m  [1m[34mSELECT  "posts".* FROM "posts" ORDER BY created_at ASC LIMIT $1[0m  [["LIMIT", 5]]
  Rendered posts/index.html.haml within layouts/application (19.9ms)
Completed 200 OK in 127ms (Views: 123.2ms | ActiveRecord: 2.7ms)


Started GET "/posts/new" for 127.0.0.1 at 2017-02-09 17:00:29 +0300
Processing by PostsController#new as HTML
  [1m[36mCategory Load (0.5ms)[0m  [1m[34mSELECT "categories".* FROM "categories"[0m
  Rendering posts/new.html.haml within layouts/application
  Rendered posts/_form.html.haml (79.9ms)
  Rendered posts/new.html.haml within layouts/application (81.8ms)
Completed 200 OK in 220ms (Views: 132.7ms | ActiveRecord: 4.3ms)


Started GET "/categories/new" for 127.0.0.1 at 2017-02-09 17:00:38 +0300
Processing by CategoriesController#new as HTML
  Rendering categories/new.html.haml within layouts/application
  Rendered categories/new.html.haml within layouts/application (5.8ms)
Completed 200 OK in 83ms (Views: 70.2ms | ActiveRecord: 1.8ms)


Started POST "/categories" for 127.0.0.1 at 2017-02-09 17:00:44 +0300
Processing by CategoriesController#create as HTML
  Parameters: {"utf8"=>"✓", "authenticity_token"=>"0yLmgU/D6bP9yJiV/CQB5nzlthymIqTq0L55e2Rz6JFT7IMyw7qlTLwr7duriMWf114muudHFZx4hvcIG21agg==", "category"=>{"name"=>"Yeni"}, "button"=>""}
  [1m[35m (0.1ms)[0m  [1m[35mBEGIN[0m
  [1m[35mSQL (0.5ms)[0m  [1m[32mINSERT INTO "categories" ("name", "created_at", "updated_at") VALUES ($1, $2, $3) RETURNING "id"[0m  [["name", "Yeni"], ["created_at", 2017-02-09 14:00:44 UTC], ["updated_at", 2017-02-09 14:00:44 UTC]]
  [1m[35m (16.7ms)[0m  [1m[35mCOMMIT[0m
Redirected to http://localhost:3000/categories/1
Completed 302 Found in 22ms (ActiveRecord: 17.4ms)


Started GET "/categories/1" for 127.0.0.1 at 2017-02-09 17:00:44 +0300
Processing by CategoriesController#show as HTML
  Parameters: {"id"=>"1"}
  [1m[36mCategory Load (0.3ms)[0m  [1m[34mSELECT  "categories".* FROM "categories" WHERE "categories"."id" = $1 LIMIT $2[0m  [["id", 1], ["LIMIT", 1]]
  Rendering categories/show.html.haml within layouts/application
  [1m[36mPost Load (0.2ms)[0m  [1m[34mSELECT "posts".* FROM "posts" WHERE "posts"."category_id" = $1[0m  [["category_id", 1]]
  Rendered categories/show.html.haml within layouts/application (30.5ms)
Completed 200 OK in 134ms (Views: 105.0ms | ActiveRecord: 0.7ms)


Started GET "/posts/new" for 127.0.0.1 at 2017-02-09 17:00:48 +0300
Processing by PostsController#new as HTML
  [1m[36mCategory Load (0.4ms)[0m  [1m[34mSELECT "categories".* FROM "categories"[0m
  Rendering posts/new.html.haml within layouts/application
  Rendered posts/_form.html.haml (6.2ms)
  Rendered posts/new.html.haml within layouts/application (8.7ms)
Completed 200 OK in 80ms (Views: 76.6ms | ActiveRecord: 0.4ms)


Started POST "/posts" for 127.0.0.1 at 2017-02-09 17:00:53 +0300
Processing by PostsController#create as HTML
  Parameters: {"utf8"=>"✓", "authenticity_token"=>"nu6qubeRUBK68dOxDJqcDi0wX+jGylkn6YlpzpYW5RAeIM8KO+gc7fsSpv9bNlh3hovPToev6FFBsee96QhXAw==", "post"=>{"title"=>"Deneme", "body"=>"sdfewfewwef", "category_id"=>"1"}, "button"=>""}
  [1m[35m (0.2ms)[0m  [1m[35mBEGIN[0m
  [1m[36mCategory Load (0.3ms)[0m  [1m[34mSELECT  "categories".* FROM "categories" WHERE "categories"."id" = $1 LIMIT $2[0m  [["id", 1], ["LIMIT", 1]]
  [1m[35mSQL (0.8ms)[0m  [1m[32mINSERT INTO "posts" ("title", "body", "created_at", "updated_at", "category_id") VALUES ($1, $2, $3, $4, $5) RETURNING "id"[0m  [["title", "Deneme"], ["body", "sdfewfewwef"], ["created_at", 2017-02-09 14:00:53 UTC], ["updated_at", 2017-02-09 14:00:53 UTC], ["category_id", 1]]
  [1m[35m (48.4ms)[0m  [1m[35mCOMMIT[0m
Redirected to http://localhost:3000/posts/1
Completed 302 Found in 84ms (ActiveRecord: 49.7ms)


Started GET "/posts/1" for 127.0.0.1 at 2017-02-09 17:00:53 +0300
Processing by PostsController#show as HTML
  Parameters: {"id"=>"1"}
  [1m[36mPost Load (0.3ms)[0m  [1m[34mSELECT  "posts".* FROM "posts" WHERE "posts"."id" = $1 LIMIT $2[0m  [["id", 1], ["LIMIT", 1]]
  [1m[36mCategory Load (0.3ms)[0m  [1m[34mSELECT "categories".* FROM "categories"[0m
  Rendering posts/show.html.haml within layouts/application
  Rendering layouts/top.html.haml
  Rendered layouts/top.html.haml (2.4ms)
  [1m[36mCategory Load (0.4ms)[0m  [1m[34mSELECT  "categories".* FROM "categories" WHERE "categories"."id" = $1 LIMIT $2[0m  [["id", 1], ["LIMIT", 1]]
  Rendered posts/show.html.haml within layouts/application (11.0ms)
Completed 200 OK in 76ms (Views: 70.1ms | ActiveRecord: 1.0ms)


Started GET "/posts" for 127.0.0.1 at 2017-02-09 17:00:57 +0300
Processing by PostsController#index as HTML
  Rendering posts/index.html.haml within layouts/application
  Rendering layouts/top.html.haml
  Rendered layouts/top.html.haml (3.2ms)
  [1m[36mPost Load (0.4ms)[0m  [1m[34mSELECT "posts".* FROM "posts" ORDER BY created_at desc[0m
  [1m[36mPost Load (0.3ms)[0m  [1m[34mSELECT  "posts".* FROM "posts" ORDER BY created_at ASC LIMIT $1[0m  [["LIMIT", 5]]
  Rendered posts/index.html.haml within layouts/application (16.2ms)
Completed 200 OK in 102ms (Views: 99.7ms | ActiveRecord: 0.7ms)


Started GET "/" for 127.0.0.1 at 2017-02-09 19:07:39 +0300
Started GET "/" for 127.0.0.1 at 2017-02-09 19:07:39 +0300
  [1m[36mActiveRecord::SchemaMigration Load (23.1ms)[0m  [1m[34mSELECT "schema_migrations".* FROM "schema_migrations"[0m
  [1m[36mActiveRecord::SchemaMigration Load (24.2ms)[0m  [1m[34mSELECT "schema_migrations".* FROM "schema_migrations"[0m
Processing by HomeController#index as HTML
Processing by HomeController#index as HTML
  Rendering home/index.html.haml within layouts/application
  Rendering home/index.html.haml within layouts/application
  Rendered home/index.html.haml within layouts/application (10.2ms)
  Rendered home/index.html.haml within layouts/application (1.0ms)
Completed 200 OK in 8157ms (Views: 8134.8ms | ActiveRecord: 0.0ms)


Completed 200 OK in 8165ms (Views: 8138.9ms | ActiveRecord: 0.0ms)


Started GET "/" for 127.0.0.1 at 2017-02-09 19:07:51 +0300
Processing by HomeController#index as HTML
  Rendering home/index.html.haml within layouts/application
  Rendered home/index.html.haml within layouts/application (2.6ms)
Completed 200 OK in 82ms (Views: 77.9ms | ActiveRecord: 0.0ms)


Started GET "/" for 127.0.0.1 at 2017-02-09 19:07:53 +0300
Processing by HomeController#index as HTML
  Rendering home/index.html.haml within layouts/application
  Rendered home/index.html.haml within layouts/application (6.9ms)
Completed 200 OK in 88ms (Views: 85.7ms | ActiveRecord: 0.0ms)


Started GET "/" for 127.0.0.1 at 2017-02-09 19:13:24 +0300
Processing by HomeController#index as HTML
  Rendering home/index.html.haml within layouts/application
  Rendered home/index.html.haml within layouts/application (3.1ms)
Completed 200 OK in 78ms (Views: 76.5ms | ActiveRecord: 0.0ms)


Started GET "/" for 127.0.0.1 at 2017-02-09 19:13:25 +0300
Processing by HomeController#index as HTML
  Rendering home/index.html.haml within layouts/application
  Rendered home/index.html.haml within layouts/application (2.8ms)
Completed 200 OK in 75ms (Views: 73.3ms | ActiveRecord: 0.0ms)


Started GET "/" for 127.0.0.1 at 2017-02-09 19:13:25 +0300
Processing by HomeController#index as HTML
  Rendering home/index.html.haml within layouts/application
  Rendered home/index.html.haml within layouts/application (2.7ms)
Completed 200 OK in 67ms (Views: 65.4ms | ActiveRecord: 0.0ms)


Started GET "/" for 127.0.0.1 at 2017-02-09 19:13:43 +0300
  [1m[36mActiveRecord::SchemaMigration Load (0.5ms)[0m  [1m[34mSELECT "schema_migrations".* FROM "schema_migrations"[0m
Processing by HomeController#index as HTML
  Rendering home/index.html.haml within layouts/application
  Rendered home/index.html.haml within layouts/application (8.2ms)
Completed 200 OK in 358ms (Views: 345.3ms | ActiveRecord: 0.0ms)


Started GET "/" for 127.0.0.1 at 2017-02-09 19:13:59 +0300
Processing by HomeController#index as HTML
  Rendering home/index.html.haml within layouts/application
  Rendered home/index.html.haml within layouts/application (2.7ms)
Completed 200 OK in 80ms (Views: 77.9ms | ActiveRecord: 0.0ms)


